<?xml version="1.0" encoding="UTF-8"?>
<testng-results ignored="0" total="1" passed="1" failed="0" skipped="0">
  <reporter-output>
  </reporter-output>
  <suite started-at="2020-06-03T20:53:49 IST" name="Default suite" finished-at="2020-06-03T20:53:49 IST" duration-ms="657">
    <groups>
    </groups>
    <test started-at="2020-06-03T20:53:49 IST" name="Default test" finished-at="2020-06-03T20:53:49 IST" duration-ms="657">
      <class name="redis.RedisUtility">
        <test-method signature="test()[pri:0, instance:redis.RedisUtility@b62fe6d]" started-at="2020-06-03T20:53:49 IST" name="test" finished-at="2020-06-03T20:53:49 IST" duration-ms="598" status="PASS">
          <reporter-output>
          </reporter-output>
        </test-method> <!-- test -->
      </class> <!-- redis.RedisUtility -->
    </test> <!-- Default test -->
  </suite> <!-- Default suite -->
</testng-results>
